웹 컴포넌트가 시작되었습니다.
웹 컴포넌트가 완료 되었습니다.
웹 컴포넌트가 시작되었습니다.
웹 컴포넌트가 완료 되었습니다.
웹 컴포넌트가 시작되었습니다.
웹 컴포넌트가 완료 되었습니다.
웹 컴포넌트가 시작되었습니다.
웹 컴포넌트가 완료 되었습니다.
웹 컴포넌트가 시작되었습니다.
웹 컴포넌트가 완료 되었습니다.
웹 컴포넌트가 시작되었습니다.
Wed Jan 24 17:56:38 KST 2018
웹 컴포넌트가 완료 되었습니다.
웹 컴포넌트가 시작되었습니다.
Wed Jan 24 17:56:41 KST 2018
웹 컴포넌트가 완료 되었습니다.
웹 컴포넌트가 시작되었습니다.
2018-01-24 17:59:17
웹 컴포넌트가 완료 되었습니다.
웹 컴포넌트가 시작되었습니다.
2018-01-24 17:59:19
웹 컴포넌트가 완료 되었습니다.
웹 컴포넌트가 시작되었습니다.
2018-01-24 18:08:28
웹 컴포넌트가 완료 되었습니다.
웹 컴포넌트가 시작되었습니다.
2018-01-24 18:13:56
현재일시: 2018-01-24 18:13:56 
 클라이언트 주소: 127.0.0.1 
 문서의 컨텍스트 타입: null 
---------------------------------------------------
웹 컴포넌트가 완료 되었습니다.
웹 컴포넌트가 시작되었습니다.
2018-01-24 18:14:11
현재일시: 2018-01-24 18:14:11 
 클라이언트 주소: 127.0.0.1 
 문서의 컨텍스트 타입: text/html;charset=UTF-8 
---------------------------------------------------
웹 컴포넌트가 완료 되었습니다.
웹 컴포넌트가 시작되었습니다.
2018-01-24 18:14:12
현재일시: 2018-01-24 18:14:12 
 클라이언트 주소: 127.0.0.1 
 문서의 컨텍스트 타입: null 
---------------------------------------------------
웹 컴포넌트가 완료 되었습니다.
웹 컴포넌트가 시작되었습니다.
현재일시:2018-01-2509:51:27 
요청클라이언트 주소:127.0.0.1 
문서의 타입: null 
---------------------------------------------------
웹 컴포넌트가 완료 되었습니다.
웹 컴포넌트가 시작되었습니다.
현재일시:2018-01-2509:52:04 
요청클라이언트 주소:127.0.0.1 
문서의 타입: text/html;charset=UTF-8 
---------------------------------------------------
웹 컴포넌트가 완료 되었습니다.
웹 컴포넌트가 시작되었습니다.
현재일시:2018-01-2509:52:08 
요청클라이언트 주소:127.0.0.1 
문서의 타입: null 
---------------------------------------------------
웹 컴포넌트가 완료 되었습니다.
웹 컴포넌트가 시작되었습니다.
현재일시:2018-01-25 10:01:14 
요청클라이언트 주소:192.168.10.120 
문서의 타입: null 
---------------------------------------------------
웹 컴포넌트가 완료 되었습니다.
웹 컴포넌트가 시작되었습니다.
현재일시:2018-01-25 10:01:33 
요청클라이언트 주소:192.168.10.127 
문서의 타입: text/html;charset=UTF-8 
---------------------------------------------------
웹 컴포넌트가 완료 되었습니다.
